This file contains any messages produced by compilers while
running configure, to aid debugging if configure makes a mistake.

It was created by configure, which was
generated by GNU Autoconf 2.62.  Invocation command line was

  $ ./configure --no-create --no-recursion

## --------- ##
## Platform. ##
## --------- ##

hostname = localhost
uname -m = i686
uname -r = 2.6.25-gentoo-r1
uname -s = Linux
uname -v = #1 SMP PREEMPT Sat May 3 13:19:40 PDT 2008

/usr/bin/uname -p = Intel(R) Pentium(R) 4 CPU 2.80GHz
/bin/uname -X     = unknown

/bin/arch              = unknown
/usr/bin/arch -k       = unknown
/usr/convex/getsysinfo = unknown
/usr/bin/hostinfo      = unknown
/bin/machine           = unknown
/usr/bin/oslevel       = unknown
/bin/universe          = unknown

PATH: /usr/local/bin
PATH: /usr/bin
PATH: /bin
PATH: /opt/bin
PATH: /usr/i686-pc-linux-gnu/gcc-bin/4.3.1
PATH: /usr/i686-pc-linux-gnu/mips-linux/gcc-bin/3.4.6
PATH: /opt/blackdown-jdk-1.4.2.03/bin
PATH: /opt/blackdown-jdk-1.4.2.03/jre/bin
PATH: /usr/kde/3.5/bin
PATH: /usr/qt/3/bin
PATH: /usr/games/bin
PATH: /home/kyle/Crap/bluej


## ----------- ##
## Core tests. ##
## ----------- ##

configure:1822: checking for a BSD-compatible install
configure:1890: result: /usr/bin/install -c
configure:1901: checking whether build environment is sane
configure:1944: result: yes
configure:1969: checking for a thread-safe mkdir -p
configure:2008: result: /bin/mkdir -p
configure:2021: checking for gawk
configure:2037: found /usr/bin/gawk
configure:2048: result: gawk
configure:2059: checking whether make sets $(MAKE)
configure:2081: result: yes
configure:2283: checking for style of include used by make
configure:2311: result: GNU
configure:2381: checking for gcc
configure:2397: found /usr/bin/gcc
configure:2408: result: gcc
configure:2646: checking for C compiler version
configure:2654: gcc --version >&5
gcc (Gentoo 4.3.1-r1 p1.1) 4.3.1
Copyright (C) 2008 Free Software Foundation, Inc.
This is free software; see the source for copying conditions.  There is NO
warranty; not even for MERCHANTABILITY or FITNESS FOR A PARTICULAR PURPOSE.

configure:2658: $? = 0
configure:2665: gcc -v >&5
Using built-in specs.
Target: i686-pc-linux-gnu
Configured with: /var/tmp/portage/sys-devel/gcc-4.3.1-r1/work/gcc-4.3.1/configure --prefix=/usr --bindir=/usr/i686-pc-linux-gnu/gcc-bin/4.3.1 --includedir=/usr/lib/gcc/i686-pc-linux-gnu/4.3.1/include --datadir=/usr/share/gcc-data/i686-pc-linux-gnu/4.3.1 --mandir=/usr/share/gcc-data/i686-pc-linux-gnu/4.3.1/man --infodir=/usr/share/gcc-data/i686-pc-linux-gnu/4.3.1/info --with-gxx-include-dir=/usr/lib/gcc/i686-pc-linux-gnu/4.3.1/include/g++-v4 --host=i686-pc-linux-gnu --build=i686-pc-linux-gnu --disable-altivec --enable-nls --without-included-gettext --with-system-zlib --disable-checking --disable-werror --enable-secureplt --disable-multilib --enable-libmudflap --disable-libssp --enable-cld --disable-libgcj --with-arch=i686 --enable-languages=c,c++,treelang,fortran --enable-shared --enable-threads=posix --enable-__cxa_atexit --enable-clocale=gnu --with-bugurl=http://bugs.gentoo.org/ --with-pkgversion='Gentoo 4.3.1-r1 p1.1'
Thread model: posix
gcc version 4.3.1 (Gentoo 4.3.1-r1 p1.1) 
configure:2669: $? = 0
configure:2676: gcc -V >&5
gcc: '-V' option must have argument
configure:2680: $? = 1
configure:2703: checking for C compiler default output file name
configure:2725: gcc    conftest.c  >&5
configure:2729: $? = 0
configure:2767: result: a.out
configure:2784: checking whether the C compiler works
configure:2794: ./a.out
configure:2798: $? = 0
configure:2815: result: yes
configure:2822: checking whether we are cross compiling
configure:2824: result: no
configure:2827: checking for suffix of executables
configure:2834: gcc -o conftest    conftest.c  >&5
configure:2838: $? = 0
configure:2862: result: 
configure:2868: checking for suffix of object files
configure:2894: gcc -c   conftest.c >&5
configure:2898: $? = 0
configure:2921: result: o
configure:2925: checking whether we are using the GNU C compiler
configure:2954: gcc -c   conftest.c >&5
configure:2961: $? = 0
configure:2978: result: yes
configure:2987: checking whether gcc accepts -g
configure:3017: gcc -c -g  conftest.c >&5
configure:3024: $? = 0
configure:3125: result: yes
configure:3142: checking for gcc option to accept ISO C89
configure:3216: gcc  -c -g -O2  conftest.c >&5
configure:3223: $? = 0
configure:3246: result: none needed
configure:3266: checking dependency style of gcc
configure:3357: result: gcc3
configure:3373: checking for library containing strerror
configure:3414: gcc -o conftest -g -O2   conftest.c  >&5
configure:3421: $? = 0
configure:3452: result: none required
configure:3508: checking for gcc
configure:3535: result: gcc
configure:3773: checking for C compiler version
configure:3781: gcc --version >&5
gcc (Gentoo 4.3.1-r1 p1.1) 4.3.1
Copyright (C) 2008 Free Software Foundation, Inc.
This is free software; see the source for copying conditions.  There is NO
warranty; not even for MERCHANTABILITY or FITNESS FOR A PARTICULAR PURPOSE.

configure:3785: $? = 0
configure:3792: gcc -v >&5
Using built-in specs.
Target: i686-pc-linux-gnu
Configured with: /var/tmp/portage/sys-devel/gcc-4.3.1-r1/work/gcc-4.3.1/configure --prefix=/usr --bindir=/usr/i686-pc-linux-gnu/gcc-bin/4.3.1 --includedir=/usr/lib/gcc/i686-pc-linux-gnu/4.3.1/include --datadir=/usr/share/gcc-data/i686-pc-linux-gnu/4.3.1 --mandir=/usr/share/gcc-data/i686-pc-linux-gnu/4.3.1/man --infodir=/usr/share/gcc-data/i686-pc-linux-gnu/4.3.1/info --with-gxx-include-dir=/usr/lib/gcc/i686-pc-linux-gnu/4.3.1/include/g++-v4 --host=i686-pc-linux-gnu --build=i686-pc-linux-gnu --disable-altivec --enable-nls --without-included-gettext --with-system-zlib --disable-checking --disable-werror --enable-secureplt --disable-multilib --enable-libmudflap --disable-libssp --enable-cld --disable-libgcj --with-arch=i686 --enable-languages=c,c++,treelang,fortran --enable-shared --enable-threads=posix --enable-__cxa_atexit --enable-clocale=gnu --with-bugurl=http://bugs.gentoo.org/ --with-pkgversion='Gentoo 4.3.1-r1 p1.1'
Thread model: posix
gcc version 4.3.1 (Gentoo 4.3.1-r1 p1.1) 
configure:3796: $? = 0
configure:3803: gcc -V >&5
gcc: '-V' option must have argument
configure:3807: $? = 1
configure:3810: checking whether we are using the GNU C compiler
configure:3863: result: yes
configure:3872: checking whether gcc accepts -g
configure:4010: result: yes
configure:4027: checking for gcc option to accept ISO C89
configure:4131: result: none needed
configure:4151: checking dependency style of gcc
configure:4242: result: gcc3
configure:4305: checking for gcc
configure:4332: result: gcc
configure:4570: checking for C compiler version
configure:4578: gcc --version >&5
gcc (Gentoo 4.3.1-r1 p1.1) 4.3.1
Copyright (C) 2008 Free Software Foundation, Inc.
This is free software; see the source for copying conditions.  There is NO
warranty; not even for MERCHANTABILITY or FITNESS FOR A PARTICULAR PURPOSE.

configure:4582: $? = 0
configure:4589: gcc -v >&5
Using built-in specs.
Target: i686-pc-linux-gnu
Configured with: /var/tmp/portage/sys-devel/gcc-4.3.1-r1/work/gcc-4.3.1/configure --prefix=/usr --bindir=/usr/i686-pc-linux-gnu/gcc-bin/4.3.1 --includedir=/usr/lib/gcc/i686-pc-linux-gnu/4.3.1/include --datadir=/usr/share/gcc-data/i686-pc-linux-gnu/4.3.1 --mandir=/usr/share/gcc-data/i686-pc-linux-gnu/4.3.1/man --infodir=/usr/share/gcc-data/i686-pc-linux-gnu/4.3.1/info --with-gxx-include-dir=/usr/lib/gcc/i686-pc-linux-gnu/4.3.1/include/g++-v4 --host=i686-pc-linux-gnu --build=i686-pc-linux-gnu --disable-altivec --enable-nls --without-included-gettext --with-system-zlib --disable-checking --disable-werror --enable-secureplt --disable-multilib --enable-libmudflap --disable-libssp --enable-cld --disable-libgcj --with-arch=i686 --enable-languages=c,c++,treelang,fortran --enable-shared --enable-threads=posix --enable-__cxa_atexit --enable-clocale=gnu --with-bugurl=http://bugs.gentoo.org/ --with-pkgversion='Gentoo 4.3.1-r1 p1.1'
Thread model: posix
gcc version 4.3.1 (Gentoo 4.3.1-r1 p1.1) 
configure:4593: $? = 0
configure:4600: gcc -V >&5
gcc: '-V' option must have argument
configure:4604: $? = 1
configure:4607: checking whether we are using the GNU C compiler
configure:4660: result: yes
configure:4669: checking whether gcc accepts -g
configure:4807: result: yes
configure:4824: checking for gcc option to accept ISO C89
configure:4928: result: none needed
configure:4948: checking dependency style of gcc
configure:5039: result: gcc3
configure:5062: checking how to run the C preprocessor
configure:5102: gcc -E  conftest.c
configure:5109: $? = 0
configure:5140: gcc -E  conftest.c
conftest.c:10:28: error: ac_nonexistent.h: No such file or directory
configure:5147: $? = 1
configure: failed program was:
| /* confdefs.h.  */
| #define PACKAGE_NAME ""
| #define PACKAGE_TARNAME ""
| #define PACKAGE_VERSION ""
| #define PACKAGE_STRING ""
| #define PACKAGE_BUGREPORT ""
| #define PACKAGE "musicplayer"
| #define VERSION "0.1.0"
| /* end confdefs.h.  */
| #include <ac_nonexistent.h>
configure:5180: result: gcc -E
configure:5209: gcc -E  conftest.c
configure:5216: $? = 0
configure:5247: gcc -E  conftest.c
conftest.c:10:28: error: ac_nonexistent.h: No such file or directory
configure:5254: $? = 1
configure: failed program was:
| /* confdefs.h.  */
| #define PACKAGE_NAME ""
| #define PACKAGE_TARNAME ""
| #define PACKAGE_VERSION ""
| #define PACKAGE_STRING ""
| #define PACKAGE_BUGREPORT ""
| #define PACKAGE "musicplayer"
| #define VERSION "0.1.0"
| /* end confdefs.h.  */
| #include <ac_nonexistent.h>
configure:5292: checking for grep that handles long lines and -e
configure:5352: result: /bin/grep
configure:5357: checking for egrep
configure:5421: result: /bin/grep -E
configure:5426: checking for ANSI C header files
configure:5456: gcc -c -g -O2  conftest.c >&5
configure:5463: $? = 0
configure:5562: gcc -o conftest -g -O2   conftest.c  >&5
configure:5566: $? = 0
configure:5572: ./conftest
configure:5576: $? = 0
configure:5594: result: yes
configure:5612: checking for dirent.h that defines DIR
configure:5641: gcc -c -g -O2  conftest.c >&5
configure:5648: $? = 0
configure:5665: result: yes
configure:5679: checking for library containing opendir
configure:5720: gcc -o conftest -g -O2   conftest.c  >&5
configure:5727: $? = 0
configure:5758: result: none required
configure:6026: creating ./config.status

## ---------------- ##
## Cache variables. ##
## ---------------- ##

ac_cv_c_compiler_gnu=yes
ac_cv_env_CC_set=
ac_cv_env_CC_value=
ac_cv_env_CFLAGS_set=
ac_cv_env_CFLAGS_value=
ac_cv_env_CPPFLAGS_set=
ac_cv_env_CPPFLAGS_value=
ac_cv_env_CPP_set=
ac_cv_env_CPP_value=
ac_cv_env_LDFLAGS_set=
ac_cv_env_LDFLAGS_value=
ac_cv_env_LIBS_set=
ac_cv_env_LIBS_value=
ac_cv_env_build_alias_set=
ac_cv_env_build_alias_value=
ac_cv_env_host_alias_set=
ac_cv_env_host_alias_value=
ac_cv_env_target_alias_set=
ac_cv_env_target_alias_value=
ac_cv_header_dirent_dirent_h=yes
ac_cv_header_stdc=yes
ac_cv_objext=o
ac_cv_path_EGREP='/bin/grep -E'
ac_cv_path_GREP=/bin/grep
ac_cv_path_install='/usr/bin/install -c'
ac_cv_path_mkdir=/bin/mkdir
ac_cv_prog_AWK=gawk
ac_cv_prog_CPP='gcc -E'
ac_cv_prog_ac_ct_CC=gcc
ac_cv_prog_cc_c89=
ac_cv_prog_cc_g=yes
ac_cv_prog_make_make_set=yes
ac_cv_search_opendir='none required'
ac_cv_search_strerror='none required'
am_cv_CC_dependencies_compiler_type=gcc3
am_cv_prog_cc_stdc=

## ----------------- ##
## Output variables. ##
## ----------------- ##

ACLOCAL='${SHELL} /home/kyle/c/musicplayer/src/autotools/musicplayer/missing --run aclocal-1.10'
AMDEPBACKSLASH='\'
AMDEP_FALSE='#'
AMDEP_TRUE=''
AMTAR='${SHELL} /home/kyle/c/musicplayer/src/autotools/musicplayer/missing --run tar'
AUTOCONF='${SHELL} /home/kyle/c/musicplayer/src/autotools/musicplayer/missing --run autoconf'
AUTOHEADER='${SHELL} /home/kyle/c/musicplayer/src/autotools/musicplayer/missing --run autoheader'
AUTOMAKE='${SHELL} /home/kyle/c/musicplayer/src/autotools/musicplayer/missing --run automake-1.10'
AWK='gawk'
CC='gcc'
CCDEPMODE='depmode=gcc3'
CFLAGS='-g -O2'
CPP='gcc -E'
CPPFLAGS=''
CYGPATH_W='echo'
DEFS='-DPACKAGE_NAME=\"\" -DPACKAGE_TARNAME=\"\" -DPACKAGE_VERSION=\"\" -DPACKAGE_STRING=\"\" -DPACKAGE_BUGREPORT=\"\" -DPACKAGE=\"musicplayer\" -DVERSION=\"0.1.0\" -DSTDC_HEADERS=1 -DHAVE_DIRENT_H=1'
DEPDIR='.deps'
ECHO_C=''
ECHO_N='-n'
ECHO_T=''
EGREP='/bin/grep -E'
EXEEXT=''
GREP='/bin/grep'
INSTALL_DATA='${INSTALL} -m 644'
INSTALL_PROGRAM='${INSTALL}'
INSTALL_SCRIPT='${INSTALL}'
INSTALL_STRIP_PROGRAM='$(install_sh) -c -s'
LDFLAGS=''
LIBOBJS=''
LIBS=''
LTLIBOBJS=''
MAKEINFO='${SHELL} /home/kyle/c/musicplayer/src/autotools/musicplayer/missing --run makeinfo'
MKDIR_P='/bin/mkdir -p'
OBJEXT='o'
PACKAGE='musicplayer'
PACKAGE_BUGREPORT=''
PACKAGE_NAME=''
PACKAGE_STRING=''
PACKAGE_TARNAME=''
PACKAGE_VERSION=''
PATH_SEPARATOR=':'
SET_MAKE=''
SHELL='/bin/sh'
STRIP=''
VERSION='0.1.0'
ac_ct_CC='gcc'
am__fastdepCC_FALSE='#'
am__fastdepCC_TRUE=''
am__include='include'
am__isrc=''
am__leading_dot='.'
am__quote=''
am__tar='${AMTAR} chof - "$$tardir"'
am__untar='${AMTAR} xf -'
bindir='${exec_prefix}/bin'
build_alias=''
datadir='${datarootdir}'
datarootdir='${prefix}/share'
docdir='${datarootdir}/doc/${PACKAGE}'
dvidir='${docdir}'
exec_prefix='${prefix}'
host_alias=''
htmldir='${docdir}'
includedir='${prefix}/include'
infodir='${datarootdir}/info'
install_sh='$(SHELL) /home/kyle/c/musicplayer/src/autotools/musicplayer/install-sh'
libdir='${exec_prefix}/lib'
libexecdir='${exec_prefix}/libexec'
localedir='${datarootdir}/locale'
localstatedir='${prefix}/var'
mandir='${datarootdir}/man'
mkdir_p='/bin/mkdir -p'
oldincludedir='/usr/include'
pdfdir='${docdir}'
prefix='/usr/local'
program_transform_name='s,x,x,'
psdir='${docdir}'
sbindir='${exec_prefix}/sbin'
sharedstatedir='${prefix}/com'
sysconfdir='${prefix}/etc'
target_alias=''

## ----------- ##
## confdefs.h. ##
## ----------- ##

#define PACKAGE_NAME ""
#define PACKAGE_TARNAME ""
#define PACKAGE_VERSION ""
#define PACKAGE_STRING ""
#define PACKAGE_BUGREPORT ""
#define PACKAGE "musicplayer"
#define VERSION "0.1.0"
#define STDC_HEADERS 1
#define HAVE_DIRENT_H 1

configure: exit 0

## ---------------------- ##
## Running config.status. ##
## ---------------------- ##

This file was extended by config.status, which was
generated by GNU Autoconf 2.62.  Invocation command line was

  CONFIG_FILES    = 
  CONFIG_HEADERS  = 
  CONFIG_LINKS    = 
  CONFIG_COMMANDS = 
  $ ./config.status 

on localhost

config.status:690: creating Makefile
config.status:690: creating src/Makefile
config.status:901: executing depfiles commands

## ---------------------- ##
## Running config.status. ##
## ---------------------- ##

This file was extended by config.status, which was
generated by GNU Autoconf 2.62.  Invocation command line was

  CONFIG_FILES    = 
  CONFIG_HEADERS  = 
  CONFIG_LINKS    = 
  CONFIG_COMMANDS = 
  $ ./config.status src/Makefile depfiles

on localhost

config.status:690: creating src/Makefile
config.status:901: executing depfiles commands

## ---------------------- ##
## Running config.status. ##
## ---------------------- ##

This file was extended by config.status, which was
generated by GNU Autoconf 2.62.  Invocation command line was

  CONFIG_FILES    = 
  CONFIG_HEADERS  = 
  CONFIG_LINKS    = 
  CONFIG_COMMANDS = 
  $ ./config.status src/Makefile depfiles

on localhost

config.status:690: creating src/Makefile
config.status:901: executing depfiles commands
